[0.097s] DEBUG:colcon:Command line arguments: ['/usr/bin/colcon', 'build']
[0.097s] DEBUG:colcon:Parsed command line arguments: Namespace(log_base=None, log_level=None, verb_name='build', build_base='build', install_base='install', merge_install=False, symlink_install=False, test_result_base=None, continue_on_error=False, executor='parallel', parallel_workers=4, event_handlers=None, ignore_user_meta=False, metas=['./colcon.meta'], base_paths=['.'], packages_ignore=None, packages_ignore_regex=None, paths=None, packages_up_to=None, packages_up_to_regex=None, packages_above=None, packages_above_and_dependencies=None, packages_above_depth=None, packages_select_by_dep=None, packages_skip_by_dep=None, packages_skip_up_to=None, packages_select_build_failed=False, packages_skip_build_finished=False, packages_select_test_failures=False, packages_skip_test_passed=False, packages_select=None, packages_skip=None, packages_select_regex=None, packages_skip_regex=None, packages_start=None, packages_end=None, allow_overriding=[], cmake_args=None, cmake_target=None, cmake_target_skip_unavailable=False, cmake_clean_cache=False, cmake_clean_first=False, cmake_force_configure=False, ament_cmake_args=None, catkin_cmake_args=None, catkin_skip_building_tests=False, verb_parser=<colcon_defaults.argument_parser.defaults.DefaultArgumentsDecorator object at 0x7e266d164c70>, verb_extension=<colcon_core.verb.build.BuildVerb object at 0x7e266d26e0b0>, main=<bound method BuildVerb.main of <colcon_core.verb.build.BuildVerb object at 0x7e266d26e0b0>>)
[0.223s] Level 1:colcon.colcon_core.package_discovery:discover_packages(colcon_meta) check parameters
[0.223s] Level 1:colcon.colcon_core.package_discovery:discover_packages(recursive) check parameters
[0.223s] Level 1:colcon.colcon_core.package_discovery:discover_packages(ignore) check parameters
[0.223s] Level 1:colcon.colcon_core.package_discovery:discover_packages(path) check parameters
[0.223s] Level 1:colcon.colcon_core.package_discovery:discover_packages(colcon_meta) discover
[0.223s] Level 1:colcon.colcon_core.package_discovery:discover_packages(recursive) discover
[0.223s] INFO:colcon.colcon_core.package_discovery:Crawling recursively for packages in '/home/mausumi/robot_ws'
[0.224s] Level 1:colcon.colcon_core.package_identification:_identify(.) by extensions ['ignore', 'ignore_ament_install']
[0.224s] Level 1:colcon.colcon_core.package_identification:_identify(.) by extension 'ignore'
[0.224s] Level 1:colcon.colcon_core.package_identification:_identify(.) by extension 'ignore_ament_install'
[0.224s] Level 1:colcon.colcon_core.package_identification:_identify(.) by extensions ['colcon_pkg']
[0.224s] Level 1:colcon.colcon_core.package_identification:_identify(.) by extension 'colcon_pkg'
[0.224s] Level 1:colcon.colcon_core.package_identification:_identify(.) by extensions ['colcon_meta']
[0.224s] Level 1:colcon.colcon_core.package_identification:_identify(.) by extension 'colcon_meta'
[0.224s] Level 1:colcon.colcon_core.package_identification:_identify(.) by extensions ['ros']
[0.224s] Level 1:colcon.colcon_core.package_identification:_identify(.) by extension 'ros'
[0.231s] Level 1:colcon.colcon_core.package_identification:_identify(.) by extensions ['cmake', 'python']
[0.231s] Level 1:colcon.colcon_core.package_identification:_identify(.) by extension 'cmake'
[0.231s] Level 1:colcon.colcon_core.package_identification:_identify(.) by extension 'python'
[0.231s] Level 1:colcon.colcon_core.package_identification:_identify(.) by extensions ['python_setup_py']
[0.231s] Level 1:colcon.colcon_core.package_identification:_identify(.) by extension 'python_setup_py'
[0.231s] Level 1:colcon.colcon_core.package_identification:_identify(build) by extensions ['ignore', 'ignore_ament_install']
[0.231s] Level 1:colcon.colcon_core.package_identification:_identify(build) by extension 'ignore'
[0.231s] Level 1:colcon.colcon_core.package_identification:_identify(build) ignored
[0.232s] Level 1:colcon.colcon_core.package_identification:_identify(install) by extensions ['ignore', 'ignore_ament_install']
[0.232s] Level 1:colcon.colcon_core.package_identification:_identify(install) by extension 'ignore'
[0.232s] Level 1:colcon.colcon_core.package_identification:_identify(install) ignored
[0.232s] Level 1:colcon.colcon_core.package_identification:_identify(log) by extensions ['ignore', 'ignore_ament_install']
[0.232s] Level 1:colcon.colcon_core.package_identification:_identify(log) by extension 'ignore'
[0.232s] Level 1:colcon.colcon_core.package_identification:_identify(log) ignored
[0.232s] Level 1:colcon.colcon_core.package_identification:_identify(src) by extensions ['ignore', 'ignore_ament_install']
[0.232s] Level 1:colcon.colcon_core.package_identification:_identify(src) by extension 'ignore'
[0.232s] Level 1:colcon.colcon_core.package_identification:_identify(src) by extension 'ignore_ament_install'
[0.232s] Level 1:colcon.colcon_core.package_identification:_identify(src) by extensions ['colcon_pkg']
[0.232s] Level 1:colcon.colcon_core.package_identification:_identify(src) by extension 'colcon_pkg'
[0.232s] Level 1:colcon.colcon_core.package_identification:_identify(src) by extensions ['colcon_meta']
[0.232s] Level 1:colcon.colcon_core.package_identification:_identify(src) by extension 'colcon_meta'
[0.232s] Level 1:colcon.colcon_core.package_identification:_identify(src) by extensions ['ros']
[0.232s] Level 1:colcon.colcon_core.package_identification:_identify(src) by extension 'ros'
[0.232s] Level 1:colcon.colcon_core.package_identification:_identify(src) by extensions ['cmake', 'python']
[0.232s] Level 1:colcon.colcon_core.package_identification:_identify(src) by extension 'cmake'
[0.232s] Level 1:colcon.colcon_core.package_identification:_identify(src) by extension 'python'
[0.232s] Level 1:colcon.colcon_core.package_identification:_identify(src) by extensions ['python_setup_py']
[0.232s] Level 1:colcon.colcon_core.package_identification:_identify(src) by extension 'python_setup_py'
[0.232s] Level 1:colcon.colcon_core.package_identification:_identify(src/random_motion) by extensions ['ignore', 'ignore_ament_install']
[0.232s] Level 1:colcon.colcon_core.package_identification:_identify(src/random_motion) by extension 'ignore'
[0.232s] Level 1:colcon.colcon_core.package_identification:_identify(src/random_motion) by extension 'ignore_ament_install'
[0.232s] Level 1:colcon.colcon_core.package_identification:_identify(src/random_motion) by extensions ['colcon_pkg']
[0.232s] Level 1:colcon.colcon_core.package_identification:_identify(src/random_motion) by extension 'colcon_pkg'
[0.232s] Level 1:colcon.colcon_core.package_identification:_identify(src/random_motion) by extensions ['colcon_meta']
[0.232s] Level 1:colcon.colcon_core.package_identification:_identify(src/random_motion) by extension 'colcon_meta'
[0.232s] Level 1:colcon.colcon_core.package_identification:_identify(src/random_motion) by extensions ['ros']
[0.232s] Level 1:colcon.colcon_core.package_identification:_identify(src/random_motion) by extension 'ros'
[0.234s] DEBUG:colcon.colcon_core.package_identification:Package 'src/random_motion' with type 'ros.ament_python' and name 'random_motion'
[0.234s] Level 1:colcon.colcon_core.package_identification:_identify(src/robot_model_pkg) by extensions ['ignore', 'ignore_ament_install']
[0.234s] Level 1:colcon.colcon_core.package_identification:_identify(src/robot_model_pkg) by extension 'ignore'
[0.234s] Level 1:colcon.colcon_core.package_identification:_identify(src/robot_model_pkg) by extension 'ignore_ament_install'
[0.234s] Level 1:colcon.colcon_core.package_identification:_identify(src/robot_model_pkg) by extensions ['colcon_pkg']
[0.234s] Level 1:colcon.colcon_core.package_identification:_identify(src/robot_model_pkg) by extension 'colcon_pkg'
[0.234s] Level 1:colcon.colcon_core.package_identification:_identify(src/robot_model_pkg) by extensions ['colcon_meta']
[0.234s] Level 1:colcon.colcon_core.package_identification:_identify(src/robot_model_pkg) by extension 'colcon_meta'
[0.234s] Level 1:colcon.colcon_core.package_identification:_identify(src/robot_model_pkg) by extensions ['ros']
[0.234s] Level 1:colcon.colcon_core.package_identification:_identify(src/robot_model_pkg) by extension 'ros'
[0.235s] DEBUG:colcon.colcon_core.package_identification:Package 'src/robot_model_pkg' with type 'ros.ament_cmake' and name 'robot_model_pkg'
[0.235s] Level 1:colcon.colcon_core.package_discovery:discover_packages(recursive) using defaults
[0.235s] Level 1:colcon.colcon_core.package_discovery:discover_packages(ignore) discover
[0.235s] Level 1:colcon.colcon_core.package_discovery:discover_packages(ignore) using defaults
[0.235s] Level 1:colcon.colcon_core.package_discovery:discover_packages(path) discover
[0.235s] Level 1:colcon.colcon_core.package_discovery:discover_packages(path) using defaults
[0.259s] Level 1:colcon.colcon_core.package_discovery:discover_packages(prefix_path) check parameters
[0.259s] Level 1:colcon.colcon_core.package_discovery:discover_packages(prefix_path) discover
[0.263s] DEBUG:colcon.colcon_installed_package_information.package_discovery:Found 336 installed packages in /opt/ros/humble
[0.264s] Level 1:colcon.colcon_core.package_discovery:discover_packages(prefix_path) using defaults
[0.292s] Level 5:colcon.colcon_core.verb:set package 'random_motion' build argument 'cmake_args' from command line to 'None'
[0.292s] Level 5:colcon.colcon_core.verb:set package 'random_motion' build argument 'cmake_target' from command line to 'None'
[0.292s] Level 5:colcon.colcon_core.verb:set package 'random_motion' build argument 'cmake_target_skip_unavailable' from command line to 'False'
[0.292s] Level 5:colcon.colcon_core.verb:set package 'random_motion' build argument 'cmake_clean_cache' from command line to 'False'
[0.292s] Level 5:colcon.colcon_core.verb:set package 'random_motion' build argument 'cmake_clean_first' from command line to 'False'
[0.292s] Level 5:colcon.colcon_core.verb:set package 'random_motion' build argument 'cmake_force_configure' from command line to 'False'
[0.292s] Level 5:colcon.colcon_core.verb:set package 'random_motion' build argument 'ament_cmake_args' from command line to 'None'
[0.292s] Level 5:colcon.colcon_core.verb:set package 'random_motion' build argument 'catkin_cmake_args' from command line to 'None'
[0.292s] Level 5:colcon.colcon_core.verb:set package 'random_motion' build argument 'catkin_skip_building_tests' from command line to 'False'
[0.292s] DEBUG:colcon.colcon_core.verb:Building package 'random_motion' with the following arguments: {'ament_cmake_args': None, 'build_base': '/home/mausumi/robot_ws/build/random_motion', 'catkin_cmake_args': None, 'catkin_skip_building_tests': False, 'cmake_args': None, 'cmake_clean_cache': False, 'cmake_clean_first': False, 'cmake_force_configure': False, 'cmake_target': None, 'cmake_target_skip_unavailable': False, 'install_base': '/home/mausumi/robot_ws/install/random_motion', 'merge_install': False, 'path': '/home/mausumi/robot_ws/src/random_motion', 'symlink_install': False, 'test_result_base': None}
[0.293s] Level 5:colcon.colcon_core.verb:set package 'robot_model_pkg' build argument 'cmake_args' from command line to 'None'
[0.293s] Level 5:colcon.colcon_core.verb:set package 'robot_model_pkg' build argument 'cmake_target' from command line to 'None'
[0.293s] Level 5:colcon.colcon_core.verb:set package 'robot_model_pkg' build argument 'cmake_target_skip_unavailable' from command line to 'False'
[0.293s] Level 5:colcon.colcon_core.verb:set package 'robot_model_pkg' build argument 'cmake_clean_cache' from command line to 'False'
[0.293s] Level 5:colcon.colcon_core.verb:set package 'robot_model_pkg' build argument 'cmake_clean_first' from command line to 'False'
[0.293s] Level 5:colcon.colcon_core.verb:set package 'robot_model_pkg' build argument 'cmake_force_configure' from command line to 'False'
[0.293s] Level 5:colcon.colcon_core.verb:set package 'robot_model_pkg' build argument 'ament_cmake_args' from command line to 'None'
[0.293s] Level 5:colcon.colcon_core.verb:set package 'robot_model_pkg' build argument 'catkin_cmake_args' from command line to 'None'
[0.293s] Level 5:colcon.colcon_core.verb:set package 'robot_model_pkg' build argument 'catkin_skip_building_tests' from command line to 'False'
[0.293s] DEBUG:colcon.colcon_core.verb:Building package 'robot_model_pkg' with the following arguments: {'ament_cmake_args': None, 'build_base': '/home/mausumi/robot_ws/build/robot_model_pkg', 'catkin_cmake_args': None, 'catkin_skip_building_tests': False, 'cmake_args': None, 'cmake_clean_cache': False, 'cmake_clean_first': False, 'cmake_force_configure': False, 'cmake_target': None, 'cmake_target_skip_unavailable': False, 'install_base': '/home/mausumi/robot_ws/install/robot_model_pkg', 'merge_install': False, 'path': '/home/mausumi/robot_ws/src/robot_model_pkg', 'symlink_install': False, 'test_result_base': None}
[0.293s] INFO:colcon.colcon_core.executor:Executing jobs using 'parallel' executor
[0.294s] DEBUG:colcon.colcon_parallel_executor.executor.parallel:run_until_complete
[0.294s] INFO:colcon.colcon_ros.task.ament_python.build:Building ROS package in '/home/mausumi/robot_ws/src/random_motion' with build type 'ament_python'
[0.294s] Level 1:colcon.colcon_core.shell:create_environment_hook('random_motion', 'ament_prefix_path')
[0.297s] INFO:colcon.colcon_core.plugin_system:Skipping extension 'colcon_core.shell.bat': Not used on non-Windows systems
[0.297s] INFO:colcon.colcon_core.shell:Creating environment hook '/home/mausumi/robot_ws/install/random_motion/share/random_motion/hook/ament_prefix_path.ps1'
[0.297s] INFO:colcon.colcon_core.shell:Creating environment descriptor '/home/mausumi/robot_ws/install/random_motion/share/random_motion/hook/ament_prefix_path.dsv'
[0.298s] INFO:colcon.colcon_core.shell:Creating environment hook '/home/mausumi/robot_ws/install/random_motion/share/random_motion/hook/ament_prefix_path.sh'
[0.298s] INFO:colcon.colcon_core.shell:Skip shell extension 'powershell' for command environment: Not usable outside of PowerShell
[0.298s] DEBUG:colcon.colcon_core.shell:Skip shell extension 'dsv' for command environment
[0.300s] INFO:colcon.colcon_ros.task.ament_cmake.build:Building ROS package in '/home/mausumi/robot_ws/src/robot_model_pkg' with build type 'ament_cmake'
[0.301s] INFO:colcon.colcon_cmake.task.cmake.build:Building CMake package in '/home/mausumi/robot_ws/src/robot_model_pkg'
[0.301s] INFO:colcon.colcon_core.shell:Skip shell extension 'powershell' for command environment: Not usable outside of PowerShell
[0.301s] DEBUG:colcon.colcon_core.shell:Skip shell extension 'dsv' for command environment
[0.485s] INFO:colcon.colcon_core.task.python.build:Building Python package in '/home/mausumi/robot_ws/src/random_motion'
[0.486s] INFO:colcon.colcon_core.shell:Skip shell extension 'powershell' for command environment: Not usable outside of PowerShell
[0.486s] DEBUG:colcon.colcon_core.shell:Skip shell extension 'dsv' for command environment
[0.490s] DEBUG:colcon.colcon_core.event_handler.log_command:Invoking command in '/home/mausumi/robot_ws/build/robot_model_pkg': CMAKE_PREFIX_PATH=/opt/ros/humble /usr/bin/cmake /home/mausumi/robot_ws/src/robot_model_pkg -DCMAKE_INSTALL_PREFIX=/home/mausumi/robot_ws/install/robot_model_pkg
[0.786s] DEBUG:colcon.colcon_core.event_handler.log_command:Invoking command in '/home/mausumi/robot_ws/build/random_motion': PYTHONPATH=/home/mausumi/robot_ws/build/random_motion/prefix_override:/usr/lib/python3/dist-packages/colcon_core/task/python/colcon_distutils_commands:/home/mausumi/robot_ws/install/random_motion/lib/python3.10/site-packages:${PYTHONPATH} /usr/bin/python3 -W ignore:setup.py install is deprecated -W ignore:easy_install command is deprecated setup.py develop --uninstall --editable --build-directory /home/mausumi/robot_ws/build/random_motion/build
[1.217s] DEBUG:colcon.colcon_core.event_handler.log_command:Invoked command in '/home/mausumi/robot_ws/build/random_motion' returned '0': PYTHONPATH=/home/mausumi/robot_ws/build/random_motion/prefix_override:/usr/lib/python3/dist-packages/colcon_core/task/python/colcon_distutils_commands:/home/mausumi/robot_ws/install/random_motion/lib/python3.10/site-packages:${PYTHONPATH} /usr/bin/python3 -W ignore:setup.py install is deprecated -W ignore:easy_install command is deprecated setup.py develop --uninstall --editable --build-directory /home/mausumi/robot_ws/build/random_motion/build
[1.221s] DEBUG:colcon.colcon_core.event_handler.log_command:Invoking command in '/home/mausumi/robot_ws/src/random_motion': PYTHONPATH=/home/mausumi/robot_ws/build/random_motion/prefix_override:/usr/lib/python3/dist-packages/colcon_core/task/python/colcon_distutils_commands:/home/mausumi/robot_ws/install/random_motion/lib/python3.10/site-packages:${PYTHONPATH} /usr/bin/python3 -W ignore:setup.py install is deprecated -W ignore:easy_install command is deprecated setup.py egg_info --egg-base ../../build/random_motion build --build-base /home/mausumi/robot_ws/build/random_motion/build install --record /home/mausumi/robot_ws/build/random_motion/install.log --single-version-externally-managed install_data --force
[1.456s] DEBUG:colcon.colcon_core.event_handler.log_command:Invoked command in '/home/mausumi/robot_ws/src/random_motion' returned '0': PYTHONPATH=/home/mausumi/robot_ws/build/random_motion/prefix_override:/usr/lib/python3/dist-packages/colcon_core/task/python/colcon_distutils_commands:/home/mausumi/robot_ws/install/random_motion/lib/python3.10/site-packages:${PYTHONPATH} /usr/bin/python3 -W ignore:setup.py install is deprecated -W ignore:easy_install command is deprecated setup.py egg_info --egg-base ../../build/random_motion build --build-base /home/mausumi/robot_ws/build/random_motion/build install --record /home/mausumi/robot_ws/build/random_motion/install.log --single-version-externally-managed install_data --force
[1.459s] Level 1:colcon.colcon_core.environment:checking '/home/mausumi/robot_ws/install/random_motion' for CMake module files
[1.459s] Level 1:colcon.colcon_core.environment:checking '/home/mausumi/robot_ws/install/random_motion' for CMake config files
[1.460s] Level 1:colcon.colcon_core.environment:checking '/home/mausumi/robot_ws/install/random_motion/lib'
[1.460s] Level 1:colcon.colcon_core.environment:checking '/home/mausumi/robot_ws/install/random_motion/bin'
[1.460s] Level 1:colcon.colcon_core.environment:checking '/home/mausumi/robot_ws/install/random_motion/lib/pkgconfig/random_motion.pc'
[1.460s] Level 1:colcon.colcon_core.environment:checking '/home/mausumi/robot_ws/install/random_motion/lib/python3.10/site-packages'
[1.460s] Level 1:colcon.colcon_core.shell:create_environment_hook('random_motion', 'pythonpath')
[1.460s] INFO:colcon.colcon_core.shell:Creating environment hook '/home/mausumi/robot_ws/install/random_motion/share/random_motion/hook/pythonpath.ps1'
[1.461s] INFO:colcon.colcon_core.shell:Creating environment descriptor '/home/mausumi/robot_ws/install/random_motion/share/random_motion/hook/pythonpath.dsv'
[1.461s] INFO:colcon.colcon_core.shell:Creating environment hook '/home/mausumi/robot_ws/install/random_motion/share/random_motion/hook/pythonpath.sh'
[1.461s] Level 1:colcon.colcon_core.environment:checking '/home/mausumi/robot_ws/install/random_motion/bin'
[1.461s] Level 1:colcon.colcon_core.environment:create_environment_scripts_only(random_motion)
[1.461s] INFO:colcon.colcon_core.shell:Creating package script '/home/mausumi/robot_ws/install/random_motion/share/random_motion/package.ps1'
[1.462s] INFO:colcon.colcon_core.shell:Creating package descriptor '/home/mausumi/robot_ws/install/random_motion/share/random_motion/package.dsv'
[1.463s] INFO:colcon.colcon_core.shell:Creating package script '/home/mausumi/robot_ws/install/random_motion/share/random_motion/package.sh'
[1.463s] INFO:colcon.colcon_core.shell:Creating package script '/home/mausumi/robot_ws/install/random_motion/share/random_motion/package.bash'
[1.464s] INFO:colcon.colcon_core.shell:Creating package script '/home/mausumi/robot_ws/install/random_motion/share/random_motion/package.zsh'
[1.465s] Level 1:colcon.colcon_core.environment:create_file_with_runtime_dependencies(/home/mausumi/robot_ws/install/random_motion/share/colcon-core/packages/random_motion)
[1.533s] DEBUG:colcon.colcon_core.event_handler.log_command:Invoked command in '/home/mausumi/robot_ws/build/robot_model_pkg' returned '0': CMAKE_PREFIX_PATH=/opt/ros/humble /usr/bin/cmake /home/mausumi/robot_ws/src/robot_model_pkg -DCMAKE_INSTALL_PREFIX=/home/mausumi/robot_ws/install/robot_model_pkg
[1.535s] DEBUG:colcon.colcon_core.event_handler.log_command:Invoking command in '/home/mausumi/robot_ws/build/robot_model_pkg': CMAKE_PREFIX_PATH=/opt/ros/humble /usr/bin/cmake --build /home/mausumi/robot_ws/build/robot_model_pkg -- -j4 -l4
[1.567s] DEBUG:colcon.colcon_core.event_handler.log_command:Invoked command in '/home/mausumi/robot_ws/build/robot_model_pkg' returned '0': CMAKE_PREFIX_PATH=/opt/ros/humble /usr/bin/cmake --build /home/mausumi/robot_ws/build/robot_model_pkg -- -j4 -l4
[1.575s] DEBUG:colcon.colcon_core.event_handler.log_command:Invoking command in '/home/mausumi/robot_ws/build/robot_model_pkg': CMAKE_PREFIX_PATH=/opt/ros/humble /usr/bin/cmake --install /home/mausumi/robot_ws/build/robot_model_pkg
[1.591s] Level 1:colcon.colcon_core.environment:create_environment_scripts_only(robot_model_pkg)
[1.591s] Level 1:colcon.colcon_core.environment:checking '/home/mausumi/robot_ws/install/robot_model_pkg' for CMake module files
[1.592s] DEBUG:colcon.colcon_core.event_handler.log_command:Invoked command in '/home/mausumi/robot_ws/build/robot_model_pkg' returned '0': CMAKE_PREFIX_PATH=/opt/ros/humble /usr/bin/cmake --install /home/mausumi/robot_ws/build/robot_model_pkg
[1.592s] Level 1:colcon.colcon_core.environment:checking '/home/mausumi/robot_ws/install/robot_model_pkg' for CMake config files
[1.592s] Level 1:colcon.colcon_core.shell:create_environment_hook('robot_model_pkg', 'cmake_prefix_path')
[1.592s] INFO:colcon.colcon_core.shell:Creating environment hook '/home/mausumi/robot_ws/install/robot_model_pkg/share/robot_model_pkg/hook/cmake_prefix_path.ps1'
[1.593s] INFO:colcon.colcon_core.shell:Creating environment descriptor '/home/mausumi/robot_ws/install/robot_model_pkg/share/robot_model_pkg/hook/cmake_prefix_path.dsv'
[1.593s] INFO:colcon.colcon_core.shell:Creating environment hook '/home/mausumi/robot_ws/install/robot_model_pkg/share/robot_model_pkg/hook/cmake_prefix_path.sh'
[1.593s] Level 1:colcon.colcon_core.environment:checking '/home/mausumi/robot_ws/install/robot_model_pkg/bin'
[1.593s] Level 1:colcon.colcon_core.environment:checking '/home/mausumi/robot_ws/install/robot_model_pkg/lib/pkgconfig/robot_model_pkg.pc'
[1.594s] Level 1:colcon.colcon_core.environment:checking '/home/mausumi/robot_ws/install/robot_model_pkg/lib/python3.10/site-packages'
[1.594s] Level 1:colcon.colcon_core.environment:checking '/home/mausumi/robot_ws/install/robot_model_pkg/bin'
[1.594s] INFO:colcon.colcon_core.shell:Creating package script '/home/mausumi/robot_ws/install/robot_model_pkg/share/robot_model_pkg/package.ps1'
[1.594s] INFO:colcon.colcon_core.shell:Creating package descriptor '/home/mausumi/robot_ws/install/robot_model_pkg/share/robot_model_pkg/package.dsv'
[1.594s] INFO:colcon.colcon_core.shell:Creating package script '/home/mausumi/robot_ws/install/robot_model_pkg/share/robot_model_pkg/package.sh'
[1.595s] INFO:colcon.colcon_core.shell:Creating package script '/home/mausumi/robot_ws/install/robot_model_pkg/share/robot_model_pkg/package.bash'
[1.595s] INFO:colcon.colcon_core.shell:Creating package script '/home/mausumi/robot_ws/install/robot_model_pkg/share/robot_model_pkg/package.zsh'
[1.595s] Level 1:colcon.colcon_core.environment:create_file_with_runtime_dependencies(/home/mausumi/robot_ws/install/robot_model_pkg/share/colcon-core/packages/robot_model_pkg)
[1.595s] Level 1:colcon.colcon_core.environment:create_environment_scripts_only(robot_model_pkg)
[1.596s] Level 1:colcon.colcon_core.environment:checking '/home/mausumi/robot_ws/install/robot_model_pkg' for CMake module files
[1.596s] Level 1:colcon.colcon_core.environment:checking '/home/mausumi/robot_ws/install/robot_model_pkg' for CMake config files
[1.596s] Level 1:colcon.colcon_core.shell:create_environment_hook('robot_model_pkg', 'cmake_prefix_path')
[1.596s] INFO:colcon.colcon_core.shell:Creating environment hook '/home/mausumi/robot_ws/install/robot_model_pkg/share/robot_model_pkg/hook/cmake_prefix_path.ps1'
[1.596s] INFO:colcon.colcon_core.shell:Creating environment descriptor '/home/mausumi/robot_ws/install/robot_model_pkg/share/robot_model_pkg/hook/cmake_prefix_path.dsv'
[1.597s] INFO:colcon.colcon_core.shell:Creating environment hook '/home/mausumi/robot_ws/install/robot_model_pkg/share/robot_model_pkg/hook/cmake_prefix_path.sh'
[1.597s] Level 1:colcon.colcon_core.environment:checking '/home/mausumi/robot_ws/install/robot_model_pkg/bin'
[1.597s] Level 1:colcon.colcon_core.environment:checking '/home/mausumi/robot_ws/install/robot_model_pkg/lib/pkgconfig/robot_model_pkg.pc'
[1.597s] Level 1:colcon.colcon_core.environment:checking '/home/mausumi/robot_ws/install/robot_model_pkg/lib/python3.10/site-packages'
[1.597s] Level 1:colcon.colcon_core.environment:checking '/home/mausumi/robot_ws/install/robot_model_pkg/bin'
[1.597s] INFO:colcon.colcon_core.shell:Creating package script '/home/mausumi/robot_ws/install/robot_model_pkg/share/robot_model_pkg/package.ps1'
[1.598s] INFO:colcon.colcon_core.shell:Creating package descriptor '/home/mausumi/robot_ws/install/robot_model_pkg/share/robot_model_pkg/package.dsv'
[1.598s] INFO:colcon.colcon_core.shell:Creating package script '/home/mausumi/robot_ws/install/robot_model_pkg/share/robot_model_pkg/package.sh'
[1.598s] INFO:colcon.colcon_core.shell:Creating package script '/home/mausumi/robot_ws/install/robot_model_pkg/share/robot_model_pkg/package.bash'
[1.598s] INFO:colcon.colcon_core.shell:Creating package script '/home/mausumi/robot_ws/install/robot_model_pkg/share/robot_model_pkg/package.zsh'
[1.599s] Level 1:colcon.colcon_core.environment:create_file_with_runtime_dependencies(/home/mausumi/robot_ws/install/robot_model_pkg/share/colcon-core/packages/robot_model_pkg)
[1.599s] DEBUG:colcon.colcon_parallel_executor.executor.parallel:closing loop
[1.599s] DEBUG:colcon.colcon_parallel_executor.executor.parallel:loop closed
[1.599s] DEBUG:colcon.colcon_parallel_executor.executor.parallel:run_until_complete finished with '0'
[1.599s] DEBUG:colcon.colcon_core.event_reactor:joining thread
[1.606s] INFO:colcon.colcon_core.plugin_system:Skipping extension 'colcon_notification.desktop_notification.terminal_notifier': Not used on non-Darwin systems
[1.606s] INFO:colcon.colcon_core.plugin_system:Skipping extension 'colcon_notification.desktop_notification.win32': Not used on non-Windows systems
[1.606s] INFO:colcon.colcon_notification.desktop_notification:Sending desktop notification using 'notify2'
[1.617s] DEBUG:colcon.colcon_core.event_reactor:joined thread
[1.618s] INFO:colcon.colcon_core.shell:Creating prefix script '/home/mausumi/robot_ws/install/local_setup.ps1'
[1.619s] INFO:colcon.colcon_core.shell:Creating prefix util module '/home/mausumi/robot_ws/install/_local_setup_util_ps1.py'
[1.620s] INFO:colcon.colcon_core.shell:Creating prefix chain script '/home/mausumi/robot_ws/install/setup.ps1'
[1.621s] INFO:colcon.colcon_core.shell:Creating prefix script '/home/mausumi/robot_ws/install/local_setup.sh'
[1.623s] INFO:colcon.colcon_core.shell:Creating prefix util module '/home/mausumi/robot_ws/install/_local_setup_util_sh.py'
[1.624s] INFO:colcon.colcon_core.shell:Creating prefix chain script '/home/mausumi/robot_ws/install/setup.sh'
[1.625s] INFO:colcon.colcon_core.shell:Creating prefix script '/home/mausumi/robot_ws/install/local_setup.bash'
[1.625s] INFO:colcon.colcon_core.shell:Creating prefix chain script '/home/mausumi/robot_ws/install/setup.bash'
[1.626s] INFO:colcon.colcon_core.shell:Creating prefix script '/home/mausumi/robot_ws/install/local_setup.zsh'
[1.627s] INFO:colcon.colcon_core.shell:Creating prefix chain script '/home/mausumi/robot_ws/install/setup.zsh'
