[0.189s] Invoking command in '/home/mausumi/robot_ws/build/robot_model_pkg': CMAKE_PREFIX_PATH=/opt/ros/humble /usr/bin/cmake /home/mausumi/robot_ws/src/robot_model_pkg -DCMAKE_INSTALL_PREFIX=/home/mausumi/robot_ws/install/robot_model_pkg
[0.201s] -- Found ament_cmake: 1.3.12 (/opt/ros/humble/share/ament_cmake/cmake)
[0.292s] -- Override CMake install command with custom implementation using symlinks instead of copying resources
[0.297s] -- Found gazebo_ros: 3.9.0 (/opt/ros/humble/share/gazebo_ros/cmake)
[0.318s] -- Found rosidl_generator_c: 3.1.7 (/opt/ros/humble/share/rosidl_generator_c/cmake)
[0.320s] -- Found rosidl_adapter: 3.1.7 (/opt/ros/humble/share/rosidl_adapter/cmake)
[0.324s] -- Found rosidl_generator_cpp: 3.1.7 (/opt/ros/humble/share/rosidl_generator_cpp/cmake)
[0.330s] -- Using all available rosidl_typesupport_c: rosidl_typesupport_fastrtps_c;rosidl_typesupport_introspection_c
[0.340s] -- Using all available rosidl_typesupport_cpp: rosidl_typesupport_fastrtps_cpp;rosidl_typesupport_introspection_cpp
[0.362s] -- Found rmw_implementation_cmake: 6.1.2 (/opt/ros/humble/share/rmw_implementation_cmake/cmake)
[0.363s] -- Found rmw_fastrtps_cpp: 6.2.8 (/opt/ros/humble/share/rmw_fastrtps_cpp/cmake)
[0.433s] -- Using RMW implementation 'rmw_fastrtps_cpp' as default
[0.497s] -- Found DART: /usr/include (Required is at least version "6.6") found components: dart 
[0.520s] -- Found Protobuf: /usr/lib/x86_64-linux-gnu/libprotobuf.so (found version "3.12.4") 
[0.522s] -- Looking for ignition-math6 -- found version 6.15.1
[0.525s] -- Searching for dependencies of ignition-math6
[0.526s] -- Looking for OGRE...
[0.531s] -- Found Ogre Ghadamon (1.9.0)
[0.531s] -- Found OGRE: optimized;/usr/lib/x86_64-linux-gnu/libOgreMain.so;debug;/usr/lib/x86_64-linux-gnu/libOgreMain.so
[0.543s] -- Looking for OGRE_Paging...
[0.543s] -- Found OGRE_Paging: optimized;/usr/lib/x86_64-linux-gnu/libOgrePaging.so;debug;/usr/lib/x86_64-linux-gnu/libOgrePaging.so
[0.543s] -- Looking for OGRE_Terrain...
[0.543s] -- Found OGRE_Terrain: optimized;/usr/lib/x86_64-linux-gnu/libOgreTerrain.so;debug;/usr/lib/x86_64-linux-gnu/libOgreTerrain.so
[0.543s] -- Looking for OGRE_Property...
[0.543s] -- Found OGRE_Property: optimized;/usr/lib/x86_64-linux-gnu/libOgreProperty.so;debug;/usr/lib/x86_64-linux-gnu/libOgreProperty.so
[0.543s] -- Looking for OGRE_RTShaderSystem...
[0.543s] -- Found OGRE_RTShaderSystem: optimized;/usr/lib/x86_64-linux-gnu/libOgreRTShaderSystem.so;debug;/usr/lib/x86_64-linux-gnu/libOgreRTShaderSystem.so
[0.543s] -- Looking for OGRE_Volume...
[0.543s] -- Found OGRE_Volume: optimized;/usr/lib/x86_64-linux-gnu/libOgreVolume.so;debug;/usr/lib/x86_64-linux-gnu/libOgreVolume.so
[0.543s] -- Looking for OGRE_Overlay...
[0.543s] -- Found OGRE_Overlay: optimized;/usr/lib/x86_64-linux-gnu/libOgreOverlay.so;debug;/usr/lib/x86_64-linux-gnu/libOgreOverlay.so
[0.633s] -- Looking for ignition-math6 -- found version 6.15.1
[0.634s] -- Looking for ignition-transport8 -- found version 8.2.1
[0.635s] -- Searching for dependencies of ignition-transport8
[0.649s] -- Found Protobuf: /usr/lib/x86_64-linux-gnu/libprotobuf.so (found suitable version "3.12.4", minimum required is "3") 
[0.658s] -- Config-file not installed for ZeroMQ -- checking for pkg-config
[0.663s] -- Checking for module 'libzmq >= 4'
[0.679s] --   Found libzmq , version 4.3.4
[0.716s] -- Checking for module 'uuid'
[0.729s] --   Found uuid, version 2.37.2
[0.758s] -- Looking for ignition-msgs5 -- found version 5.8.1
[0.759s] -- Searching for dependencies of ignition-msgs5
[0.778s] -- Looking for ignition-math6 -- found version 6.15.1
[0.784s] -- Checking for module 'tinyxml2'
[0.797s] --   Found tinyxml2, version 9.0.0
[0.827s] -- Looking for ignition-msgs5 -- found version 5.8.1
[0.827s] -- Looking for ignition-common3 -- found version 3.14.0
[0.828s] -- Searching for dependencies of ignition-common3
[0.828s] -- Looking for dlfcn.h - found
[0.828s] -- Looking for libdl - found
[0.842s] -- Searching for <ignition-common3> component [graphics]
[0.842s] -- Looking for ignition-common3-graphics -- found version 3.14.0
[0.843s] -- Searching for dependencies of ignition-common3-graphics
[0.843s] -- Looking for ignition-math6 -- found version 6.15.1
[0.844s] -- Looking for ignition-fuel_tools4 -- found version 4.4.0
[0.844s] -- Searching for dependencies of ignition-fuel_tools4
[0.888s] -- Checking for module 'jsoncpp'
[0.899s] --   Found jsoncpp, version 1.9.5
[0.935s] -- Checking for module 'libzip'
[0.947s] --   Found libzip, version 1.7.3
[0.973s] -- Looking for ignition-common3 -- found version 3.14.0
[0.973s] -- Looking for ignition-math6 -- found version 6.15.1
[0.973s] -- Looking for ignition-msgs5 -- found version 5.8.1
[0.974s] -- Gazebo version: 11.10
[0.975s] -- Found gazebo_msgs: 3.9.0 (/opt/ros/humble/share/gazebo_msgs/cmake)
[1.014s] -- Found gazebo_ros2_control: 0.4.10 (/opt/ros/humble/share/gazebo_ros2_control/cmake)
[1.163s] -- Found ament_lint_auto: 0.12.14 (/opt/ros/humble/share/ament_lint_auto/cmake)
[1.215s] -- Added test 'flake8' to check Python code syntax and style conventions
[1.215s] -- Added test 'lint_cmake' to check CMake code style
[1.215s] -- Added test 'pep257' to check Python code against some of the docstring style conventions in PEP 257
[1.216s] -- Added test 'xmllint' to check XML markup files
[1.217s] -- Configuring done
[1.221s] -- Generating done
[1.224s] -- Build files have been written to: /home/mausumi/robot_ws/build/robot_model_pkg
[1.232s] Invoked command in '/home/mausumi/robot_ws/build/robot_model_pkg' returned '0': CMAKE_PREFIX_PATH=/opt/ros/humble /usr/bin/cmake /home/mausumi/robot_ws/src/robot_model_pkg -DCMAKE_INSTALL_PREFIX=/home/mausumi/robot_ws/install/robot_model_pkg
[1.233s] Invoking command in '/home/mausumi/robot_ws/build/robot_model_pkg': CMAKE_PREFIX_PATH=/opt/ros/humble /usr/bin/cmake --build /home/mausumi/robot_ws/build/robot_model_pkg -- -j4 -l4
[1.267s] Invoked command in '/home/mausumi/robot_ws/build/robot_model_pkg' returned '0': CMAKE_PREFIX_PATH=/opt/ros/humble /usr/bin/cmake --build /home/mausumi/robot_ws/build/robot_model_pkg -- -j4 -l4
[1.274s] Invoking command in '/home/mausumi/robot_ws/build/robot_model_pkg': CMAKE_PREFIX_PATH=/opt/ros/humble /usr/bin/cmake --install /home/mausumi/robot_ws/build/robot_model_pkg
[1.280s] -- Install configuration: ""
[1.280s] -- Execute custom install script
[1.280s] -- Up-to-date symlink: /home/mausumi/robot_ws/install/robot_model_pkg/share/robot_model_pkg/launch/.vscode/c_cpp_properties.json
[1.280s] -- Up-to-date symlink: /home/mausumi/robot_ws/install/robot_model_pkg/share/robot_model_pkg/launch/.vscode/settings.json
[1.280s] -- Up-to-date symlink: /home/mausumi/robot_ws/install/robot_model_pkg/share/robot_model_pkg/launch/robot_xacro.launch
[1.280s] -- Up-to-date symlink: /home/mausumi/robot_ws/install/robot_model_pkg/share/robot_model_pkg/launch/robot_xacro.launch.py
[1.281s] -- Up-to-date symlink: /home/mausumi/robot_ws/install/robot_model_pkg/share/robot_model_pkg/urdf/robot.gazebo
[1.281s] -- Up-to-date symlink: /home/mausumi/robot_ws/install/robot_model_pkg/share/robot_model_pkg/urdf/robot.xacro
[1.281s] -- Up-to-date symlink: /home/mausumi/robot_ws/install/robot_model_pkg/share/ament_index/resource_index/package_run_dependencies/robot_model_pkg
[1.281s] -- Up-to-date symlink: /home/mausumi/robot_ws/install/robot_model_pkg/share/ament_index/resource_index/parent_prefix_path/robot_model_pkg
[1.281s] -- Up-to-date symlink: /home/mausumi/robot_ws/install/robot_model_pkg/share/robot_model_pkg/environment/ament_prefix_path.sh
[1.281s] -- Up-to-date symlink: /home/mausumi/robot_ws/install/robot_model_pkg/share/robot_model_pkg/environment/ament_prefix_path.dsv
[1.282s] -- Up-to-date symlink: /home/mausumi/robot_ws/install/robot_model_pkg/share/robot_model_pkg/environment/path.sh
[1.282s] -- Up-to-date symlink: /home/mausumi/robot_ws/install/robot_model_pkg/share/robot_model_pkg/environment/path.dsv
[1.282s] -- Up-to-date symlink: /home/mausumi/robot_ws/install/robot_model_pkg/share/robot_model_pkg/local_setup.bash
[1.282s] -- Up-to-date symlink: /home/mausumi/robot_ws/install/robot_model_pkg/share/robot_model_pkg/local_setup.sh
[1.282s] -- Up-to-date symlink: /home/mausumi/robot_ws/install/robot_model_pkg/share/robot_model_pkg/local_setup.zsh
[1.282s] -- Up-to-date symlink: /home/mausumi/robot_ws/install/robot_model_pkg/share/robot_model_pkg/local_setup.dsv
[1.282s] -- Symlinking: /home/mausumi/robot_ws/install/robot_model_pkg/share/robot_model_pkg/package.dsv
[1.289s] -- Up-to-date symlink: /home/mausumi/robot_ws/install/robot_model_pkg/share/ament_index/resource_index/packages/robot_model_pkg
[1.289s] -- Up-to-date symlink: /home/mausumi/robot_ws/install/robot_model_pkg/share/robot_model_pkg/cmake/robot_model_pkgConfig.cmake
[1.289s] -- Up-to-date symlink: /home/mausumi/robot_ws/install/robot_model_pkg/share/robot_model_pkg/cmake/robot_model_pkgConfig-version.cmake
[1.289s] -- Up-to-date symlink: /home/mausumi/robot_ws/install/robot_model_pkg/share/robot_model_pkg/package.xml
[1.291s] Invoked command in '/home/mausumi/robot_ws/build/robot_model_pkg' returned '0': CMAKE_PREFIX_PATH=/opt/ros/humble /usr/bin/cmake --install /home/mausumi/robot_ws/build/robot_model_pkg
