[0.471s] Invoking command in '/home/mausumi/robot_ws/build/random_motion': PYTHONPATH=/home/mausumi/robot_ws/build/random_motion/prefix_override:/usr/lib/python3/dist-packages/colcon_core/task/python/colcon_distutils_commands:/home/mausumi/robot_ws/install/random_motion/lib/python3.10/site-packages:${PYTHONPATH} /usr/bin/python3 -W ignore:setup.py install is deprecated -W ignore:easy_install command is deprecated setup.py develop --uninstall --editable --build-directory /home/mausumi/robot_ws/build/random_motion/build
[0.650s] running develop
[0.759s] Removing /home/mausumi/robot_ws/install/random_motion/lib/python3.10/site-packages/random-motion.egg-link (link to .)
[0.783s] Invoked command in '/home/mausumi/robot_ws/build/random_motion' returned '0': PYTHONPATH=/home/mausumi/robot_ws/build/random_motion/prefix_override:/usr/lib/python3/dist-packages/colcon_core/task/python/colcon_distutils_commands:/home/mausumi/robot_ws/install/random_motion/lib/python3.10/site-packages:${PYTHONPATH} /usr/bin/python3 -W ignore:setup.py install is deprecated -W ignore:easy_install command is deprecated setup.py develop --uninstall --editable --build-directory /home/mausumi/robot_ws/build/random_motion/build
[0.784s] Invoking command in '/home/mausumi/robot_ws/src/random_motion': PYTHONPATH=/home/mausumi/robot_ws/build/random_motion/prefix_override:/usr/lib/python3/dist-packages/colcon_core/task/python/colcon_distutils_commands:/home/mausumi/robot_ws/install/random_motion/lib/python3.10/site-packages:${PYTHONPATH} /usr/bin/python3 -W ignore:setup.py install is deprecated -W ignore:easy_install command is deprecated setup.py egg_info --egg-base ../../build/random_motion build --build-base /home/mausumi/robot_ws/build/random_motion/build install --record /home/mausumi/robot_ws/build/random_motion/install.log --single-version-externally-managed install_data --force
[0.963s] running egg_info
[0.964s] writing ../../build/random_motion/random_motion.egg-info/PKG-INFO
[0.964s] writing dependency_links to ../../build/random_motion/random_motion.egg-info/dependency_links.txt
[0.964s] writing entry points to ../../build/random_motion/random_motion.egg-info/entry_points.txt
[0.964s] writing requirements to ../../build/random_motion/random_motion.egg-info/requires.txt
[0.964s] writing top-level names to ../../build/random_motion/random_motion.egg-info/top_level.txt
[0.966s] reading manifest file '../../build/random_motion/random_motion.egg-info/SOURCES.txt'
[0.966s] writing manifest file '../../build/random_motion/random_motion.egg-info/SOURCES.txt'
[0.967s] running build
[0.967s] running build_py
[0.967s] creating /home/mausumi/robot_ws/build/random_motion/build
[0.967s] creating /home/mausumi/robot_ws/build/random_motion/build/lib
[0.967s] creating /home/mausumi/robot_ws/build/random_motion/build/lib/random_motion
[0.967s] copying random_motion/random_move.py -> /home/mausumi/robot_ws/build/random_motion/build/lib/random_motion
[0.967s] copying random_motion/__init__.py -> /home/mausumi/robot_ws/build/random_motion/build/lib/random_motion
[0.967s] running install
[0.967s] running install_lib
[0.969s] creating /home/mausumi/robot_ws/install/random_motion/lib/python3.10/site-packages/random_motion
[0.969s] copying /home/mausumi/robot_ws/build/random_motion/build/lib/random_motion/random_move.py -> /home/mausumi/robot_ws/install/random_motion/lib/python3.10/site-packages/random_motion
[0.969s] copying /home/mausumi/robot_ws/build/random_motion/build/lib/random_motion/__init__.py -> /home/mausumi/robot_ws/install/random_motion/lib/python3.10/site-packages/random_motion
[0.970s] byte-compiling /home/mausumi/robot_ws/install/random_motion/lib/python3.10/site-packages/random_motion/random_move.py to random_move.cpython-310.pyc
[0.970s] byte-compiling /home/mausumi/robot_ws/install/random_motion/lib/python3.10/site-packages/random_motion/__init__.py to __init__.cpython-310.pyc
[0.970s] running install_data
[0.970s] copying resource/random_motion -> /home/mausumi/robot_ws/install/random_motion/share/ament_index/resource_index/packages
[0.970s] copying package.xml -> /home/mausumi/robot_ws/install/random_motion/share/random_motion
[0.971s] running install_egg_info
[0.972s] Copying ../../build/random_motion/random_motion.egg-info to /home/mausumi/robot_ws/install/random_motion/lib/python3.10/site-packages/random_motion-0.0.0-py3.10.egg-info
[0.973s] running install_scripts
[0.987s] Installing random_move script to /home/mausumi/robot_ws/install/random_motion/lib/random_motion
[0.988s] writing list of installed files to '/home/mausumi/robot_ws/build/random_motion/install.log'
[1.008s] Invoked command in '/home/mausumi/robot_ws/src/random_motion' returned '0': PYTHONPATH=/home/mausumi/robot_ws/build/random_motion/prefix_override:/usr/lib/python3/dist-packages/colcon_core/task/python/colcon_distutils_commands:/home/mausumi/robot_ws/install/random_motion/lib/python3.10/site-packages:${PYTHONPATH} /usr/bin/python3 -W ignore:setup.py install is deprecated -W ignore:easy_install command is deprecated setup.py egg_info --egg-base ../../build/random_motion build --build-base /home/mausumi/robot_ws/build/random_motion/build install --record /home/mausumi/robot_ws/build/random_motion/install.log --single-version-externally-managed install_data --force
