[0.083s] DEBUG:colcon:Command line arguments: ['/usr/bin/colcon', 'build', '--symlink-install']
[0.083s] DEBUG:colcon:Parsed command line arguments: Namespace(log_base=None, log_level=None, verb_name='build', build_base='build', install_base='install', merge_install=False, symlink_install=True, test_result_base=None, continue_on_error=False, executor='parallel', parallel_workers=4, event_handlers=None, ignore_user_meta=False, metas=['./colcon.meta'], base_paths=['.'], packages_ignore=None, packages_ignore_regex=None, paths=None, packages_up_to=None, packages_up_to_regex=None, packages_above=None, packages_above_and_dependencies=None, packages_above_depth=None, packages_select_by_dep=None, packages_skip_by_dep=None, packages_skip_up_to=None, packages_select_build_failed=False, packages_skip_build_finished=False, packages_select_test_failures=False, packages_skip_test_passed=False, packages_select=None, packages_skip=None, packages_select_regex=None, packages_skip_regex=None, packages_start=None, packages_end=None, allow_overriding=[], cmake_args=None, cmake_target=None, cmake_target_skip_unavailable=False, cmake_clean_cache=False, cmake_clean_first=False, cmake_force_configure=False, ament_cmake_args=None, catkin_cmake_args=None, catkin_skip_building_tests=False, verb_parser=<colcon_defaults.argument_parser.defaults.DefaultArgumentsDecorator object at 0x7dcbd4adcc10>, verb_extension=<colcon_core.verb.build.BuildVerb object at 0x7dcbd4c6a050>, main=<bound method BuildVerb.main of <colcon_core.verb.build.BuildVerb object at 0x7dcbd4c6a050>>)
[0.204s] Level 1:colcon.colcon_core.package_discovery:discover_packages(colcon_meta) check parameters
[0.204s] Level 1:colcon.colcon_core.package_discovery:discover_packages(recursive) check parameters
[0.204s] Level 1:colcon.colcon_core.package_discovery:discover_packages(ignore) check parameters
[0.204s] Level 1:colcon.colcon_core.package_discovery:discover_packages(path) check parameters
[0.204s] Level 1:colcon.colcon_core.package_discovery:discover_packages(colcon_meta) discover
[0.204s] Level 1:colcon.colcon_core.package_discovery:discover_packages(recursive) discover
[0.204s] INFO:colcon.colcon_core.package_discovery:Crawling recursively for packages in '/home/mausumi/robot_ws'
[0.204s] Level 1:colcon.colcon_core.package_identification:_identify(.) by extensions ['ignore', 'ignore_ament_install']
[0.204s] Level 1:colcon.colcon_core.package_identification:_identify(.) by extension 'ignore'
[0.204s] Level 1:colcon.colcon_core.package_identification:_identify(.) by extension 'ignore_ament_install'
[0.204s] Level 1:colcon.colcon_core.package_identification:_identify(.) by extensions ['colcon_pkg']
[0.204s] Level 1:colcon.colcon_core.package_identification:_identify(.) by extension 'colcon_pkg'
[0.204s] Level 1:colcon.colcon_core.package_identification:_identify(.) by extensions ['colcon_meta']
[0.204s] Level 1:colcon.colcon_core.package_identification:_identify(.) by extension 'colcon_meta'
[0.204s] Level 1:colcon.colcon_core.package_identification:_identify(.) by extensions ['ros']
[0.204s] Level 1:colcon.colcon_core.package_identification:_identify(.) by extension 'ros'
[0.212s] Level 1:colcon.colcon_core.package_identification:_identify(.) by extensions ['cmake', 'python']
[0.212s] Level 1:colcon.colcon_core.package_identification:_identify(.) by extension 'cmake'
[0.212s] Level 1:colcon.colcon_core.package_identification:_identify(.) by extension 'python'
[0.212s] Level 1:colcon.colcon_core.package_identification:_identify(.) by extensions ['python_setup_py']
[0.212s] Level 1:colcon.colcon_core.package_identification:_identify(.) by extension 'python_setup_py'
[0.212s] Level 1:colcon.colcon_core.package_identification:_identify(build) by extensions ['ignore', 'ignore_ament_install']
[0.212s] Level 1:colcon.colcon_core.package_identification:_identify(build) by extension 'ignore'
[0.212s] Level 1:colcon.colcon_core.package_identification:_identify(build) ignored
[0.212s] Level 1:colcon.colcon_core.package_identification:_identify(install) by extensions ['ignore', 'ignore_ament_install']
[0.213s] Level 1:colcon.colcon_core.package_identification:_identify(install) by extension 'ignore'
[0.213s] Level 1:colcon.colcon_core.package_identification:_identify(install) ignored
[0.213s] Level 1:colcon.colcon_core.package_identification:_identify(log) by extensions ['ignore', 'ignore_ament_install']
[0.213s] Level 1:colcon.colcon_core.package_identification:_identify(log) by extension 'ignore'
[0.213s] Level 1:colcon.colcon_core.package_identification:_identify(log) ignored
[0.213s] Level 1:colcon.colcon_core.package_identification:_identify(src) by extensions ['ignore', 'ignore_ament_install']
[0.213s] Level 1:colcon.colcon_core.package_identification:_identify(src) by extension 'ignore'
[0.213s] Level 1:colcon.colcon_core.package_identification:_identify(src) by extension 'ignore_ament_install'
[0.213s] Level 1:colcon.colcon_core.package_identification:_identify(src) by extensions ['colcon_pkg']
[0.213s] Level 1:colcon.colcon_core.package_identification:_identify(src) by extension 'colcon_pkg'
[0.213s] Level 1:colcon.colcon_core.package_identification:_identify(src) by extensions ['colcon_meta']
[0.213s] Level 1:colcon.colcon_core.package_identification:_identify(src) by extension 'colcon_meta'
[0.213s] Level 1:colcon.colcon_core.package_identification:_identify(src) by extensions ['ros']
[0.213s] Level 1:colcon.colcon_core.package_identification:_identify(src) by extension 'ros'
[0.213s] Level 1:colcon.colcon_core.package_identification:_identify(src) by extensions ['cmake', 'python']
[0.213s] Level 1:colcon.colcon_core.package_identification:_identify(src) by extension 'cmake'
[0.213s] Level 1:colcon.colcon_core.package_identification:_identify(src) by extension 'python'
[0.213s] Level 1:colcon.colcon_core.package_identification:_identify(src) by extensions ['python_setup_py']
[0.213s] Level 1:colcon.colcon_core.package_identification:_identify(src) by extension 'python_setup_py'
[0.214s] Level 1:colcon.colcon_core.package_identification:_identify(src/random_motion) by extensions ['ignore', 'ignore_ament_install']
[0.214s] Level 1:colcon.colcon_core.package_identification:_identify(src/random_motion) by extension 'ignore'
[0.214s] Level 1:colcon.colcon_core.package_identification:_identify(src/random_motion) by extension 'ignore_ament_install'
[0.214s] Level 1:colcon.colcon_core.package_identification:_identify(src/random_motion) by extensions ['colcon_pkg']
[0.214s] Level 1:colcon.colcon_core.package_identification:_identify(src/random_motion) by extension 'colcon_pkg'
[0.214s] Level 1:colcon.colcon_core.package_identification:_identify(src/random_motion) by extensions ['colcon_meta']
[0.214s] Level 1:colcon.colcon_core.package_identification:_identify(src/random_motion) by extension 'colcon_meta'
[0.214s] Level 1:colcon.colcon_core.package_identification:_identify(src/random_motion) by extensions ['ros']
[0.214s] Level 1:colcon.colcon_core.package_identification:_identify(src/random_motion) by extension 'ros'
[0.218s] DEBUG:colcon.colcon_core.package_identification:Package 'src/random_motion' with type 'ros.ament_python' and name 'random_motion'
[0.218s] Level 1:colcon.colcon_core.package_identification:_identify(src/robot_model_pkg) by extensions ['ignore', 'ignore_ament_install']
[0.218s] Level 1:colcon.colcon_core.package_identification:_identify(src/robot_model_pkg) by extension 'ignore'
[0.218s] Level 1:colcon.colcon_core.package_identification:_identify(src/robot_model_pkg) by extension 'ignore_ament_install'
[0.218s] Level 1:colcon.colcon_core.package_identification:_identify(src/robot_model_pkg) by extensions ['colcon_pkg']
[0.218s] Level 1:colcon.colcon_core.package_identification:_identify(src/robot_model_pkg) by extension 'colcon_pkg'
[0.218s] Level 1:colcon.colcon_core.package_identification:_identify(src/robot_model_pkg) by extensions ['colcon_meta']
[0.218s] Level 1:colcon.colcon_core.package_identification:_identify(src/robot_model_pkg) by extension 'colcon_meta'
[0.218s] Level 1:colcon.colcon_core.package_identification:_identify(src/robot_model_pkg) by extensions ['ros']
[0.218s] Level 1:colcon.colcon_core.package_identification:_identify(src/robot_model_pkg) by extension 'ros'
[0.219s] DEBUG:colcon.colcon_core.package_identification:Package 'src/robot_model_pkg' with type 'ros.ament_cmake' and name 'robot_model_pkg'
[0.219s] Level 1:colcon.colcon_core.package_discovery:discover_packages(recursive) using defaults
[0.219s] Level 1:colcon.colcon_core.package_discovery:discover_packages(ignore) discover
[0.219s] Level 1:colcon.colcon_core.package_discovery:discover_packages(ignore) using defaults
[0.219s] Level 1:colcon.colcon_core.package_discovery:discover_packages(path) discover
[0.219s] Level 1:colcon.colcon_core.package_discovery:discover_packages(path) using defaults
[0.242s] Level 1:colcon.colcon_core.package_discovery:discover_packages(prefix_path) check parameters
[0.242s] Level 1:colcon.colcon_core.package_discovery:discover_packages(prefix_path) discover
[0.245s] DEBUG:colcon.colcon_installed_package_information.package_discovery:Found 336 installed packages in /opt/ros/humble
[0.246s] Level 1:colcon.colcon_core.package_discovery:discover_packages(prefix_path) using defaults
[0.274s] Level 5:colcon.colcon_core.verb:set package 'random_motion' build argument 'cmake_args' from command line to 'None'
[0.274s] Level 5:colcon.colcon_core.verb:set package 'random_motion' build argument 'cmake_target' from command line to 'None'
[0.274s] Level 5:colcon.colcon_core.verb:set package 'random_motion' build argument 'cmake_target_skip_unavailable' from command line to 'False'
[0.274s] Level 5:colcon.colcon_core.verb:set package 'random_motion' build argument 'cmake_clean_cache' from command line to 'False'
[0.274s] Level 5:colcon.colcon_core.verb:set package 'random_motion' build argument 'cmake_clean_first' from command line to 'False'
[0.275s] Level 5:colcon.colcon_core.verb:set package 'random_motion' build argument 'cmake_force_configure' from command line to 'False'
[0.275s] Level 5:colcon.colcon_core.verb:set package 'random_motion' build argument 'ament_cmake_args' from command line to 'None'
[0.275s] Level 5:colcon.colcon_core.verb:set package 'random_motion' build argument 'catkin_cmake_args' from command line to 'None'
[0.275s] Level 5:colcon.colcon_core.verb:set package 'random_motion' build argument 'catkin_skip_building_tests' from command line to 'False'
[0.275s] DEBUG:colcon.colcon_core.verb:Building package 'random_motion' with the following arguments: {'ament_cmake_args': None, 'build_base': '/home/mausumi/robot_ws/build/random_motion', 'catkin_cmake_args': None, 'catkin_skip_building_tests': False, 'cmake_args': None, 'cmake_clean_cache': False, 'cmake_clean_first': False, 'cmake_force_configure': False, 'cmake_target': None, 'cmake_target_skip_unavailable': False, 'install_base': '/home/mausumi/robot_ws/install/random_motion', 'merge_install': False, 'path': '/home/mausumi/robot_ws/src/random_motion', 'symlink_install': True, 'test_result_base': None}
[0.275s] Level 5:colcon.colcon_core.verb:set package 'robot_model_pkg' build argument 'cmake_args' from command line to 'None'
[0.275s] Level 5:colcon.colcon_core.verb:set package 'robot_model_pkg' build argument 'cmake_target' from command line to 'None'
[0.275s] Level 5:colcon.colcon_core.verb:set package 'robot_model_pkg' build argument 'cmake_target_skip_unavailable' from command line to 'False'
[0.275s] Level 5:colcon.colcon_core.verb:set package 'robot_model_pkg' build argument 'cmake_clean_cache' from command line to 'False'
[0.275s] Level 5:colcon.colcon_core.verb:set package 'robot_model_pkg' build argument 'cmake_clean_first' from command line to 'False'
[0.275s] Level 5:colcon.colcon_core.verb:set package 'robot_model_pkg' build argument 'cmake_force_configure' from command line to 'False'
[0.275s] Level 5:colcon.colcon_core.verb:set package 'robot_model_pkg' build argument 'ament_cmake_args' from command line to 'None'
[0.275s] Level 5:colcon.colcon_core.verb:set package 'robot_model_pkg' build argument 'catkin_cmake_args' from command line to 'None'
[0.275s] Level 5:colcon.colcon_core.verb:set package 'robot_model_pkg' build argument 'catkin_skip_building_tests' from command line to 'False'
[0.275s] DEBUG:colcon.colcon_core.verb:Building package 'robot_model_pkg' with the following arguments: {'ament_cmake_args': None, 'build_base': '/home/mausumi/robot_ws/build/robot_model_pkg', 'catkin_cmake_args': None, 'catkin_skip_building_tests': False, 'cmake_args': None, 'cmake_clean_cache': False, 'cmake_clean_first': False, 'cmake_force_configure': False, 'cmake_target': None, 'cmake_target_skip_unavailable': False, 'install_base': '/home/mausumi/robot_ws/install/robot_model_pkg', 'merge_install': False, 'path': '/home/mausumi/robot_ws/src/robot_model_pkg', 'symlink_install': True, 'test_result_base': None}
[0.275s] INFO:colcon.colcon_core.executor:Executing jobs using 'parallel' executor
[0.276s] DEBUG:colcon.colcon_parallel_executor.executor.parallel:run_until_complete
[0.276s] INFO:colcon.colcon_ros.task.ament_python.build:Building ROS package in '/home/mausumi/robot_ws/src/random_motion' with build type 'ament_python'
[0.276s] Level 1:colcon.colcon_core.shell:create_environment_hook('random_motion', 'ament_prefix_path')
[0.279s] INFO:colcon.colcon_core.plugin_system:Skipping extension 'colcon_core.shell.bat': Not used on non-Windows systems
[0.279s] INFO:colcon.colcon_core.shell:Creating environment hook '/home/mausumi/robot_ws/install/random_motion/share/random_motion/hook/ament_prefix_path.ps1'
[0.280s] INFO:colcon.colcon_core.shell:Creating environment descriptor '/home/mausumi/robot_ws/install/random_motion/share/random_motion/hook/ament_prefix_path.dsv'
[0.280s] INFO:colcon.colcon_core.shell:Creating environment hook '/home/mausumi/robot_ws/install/random_motion/share/random_motion/hook/ament_prefix_path.sh'
[0.281s] INFO:colcon.colcon_core.shell:Skip shell extension 'powershell' for command environment: Not usable outside of PowerShell
[0.281s] DEBUG:colcon.colcon_core.shell:Skip shell extension 'dsv' for command environment
[0.283s] INFO:colcon.colcon_ros.task.ament_cmake.build:Building ROS package in '/home/mausumi/robot_ws/src/robot_model_pkg' with build type 'ament_cmake'
[0.283s] INFO:colcon.colcon_cmake.task.cmake.build:Building CMake package in '/home/mausumi/robot_ws/src/robot_model_pkg'
[0.283s] INFO:colcon.colcon_core.shell:Skip shell extension 'powershell' for command environment: Not usable outside of PowerShell
[0.283s] DEBUG:colcon.colcon_core.shell:Skip shell extension 'dsv' for command environment
[0.469s] INFO:colcon.colcon_core.task.python.build:Building Python package in '/home/mausumi/robot_ws/src/random_motion'
[0.469s] INFO:colcon.colcon_core.shell:Skip shell extension 'powershell' for command environment: Not usable outside of PowerShell
[0.469s] DEBUG:colcon.colcon_core.shell:Skip shell extension 'dsv' for command environment
[0.474s] DEBUG:colcon.colcon_core.event_handler.log_command:Invoking command in '/home/mausumi/robot_ws/build/robot_model_pkg': CMAKE_PREFIX_PATH=/opt/ros/humble /usr/bin/cmake --build /home/mausumi/robot_ws/build/robot_model_pkg -- -j4 -l4
[0.544s] DEBUG:colcon.colcon_core.event_handler.log_command:Invoked command in '/home/mausumi/robot_ws/build/robot_model_pkg' returned '0': CMAKE_PREFIX_PATH=/opt/ros/humble /usr/bin/cmake --build /home/mausumi/robot_ws/build/robot_model_pkg -- -j4 -l4
[0.553s] DEBUG:colcon.colcon_core.event_handler.log_command:Invoking command in '/home/mausumi/robot_ws/build/robot_model_pkg': CMAKE_PREFIX_PATH=/opt/ros/humble /usr/bin/cmake --install /home/mausumi/robot_ws/build/robot_model_pkg
[0.573s] Level 1:colcon.colcon_core.environment:create_environment_scripts_only(robot_model_pkg)
[0.573s] DEBUG:colcon.colcon_core.event_handler.log_command:Invoked command in '/home/mausumi/robot_ws/build/robot_model_pkg' returned '0': CMAKE_PREFIX_PATH=/opt/ros/humble /usr/bin/cmake --install /home/mausumi/robot_ws/build/robot_model_pkg
[0.576s] Level 1:colcon.colcon_core.environment:checking '/home/mausumi/robot_ws/install/robot_model_pkg' for CMake module files
[0.577s] Level 1:colcon.colcon_core.environment:checking '/home/mausumi/robot_ws/install/robot_model_pkg' for CMake config files
[0.577s] Level 1:colcon.colcon_core.shell:create_environment_hook('robot_model_pkg', 'cmake_prefix_path')
[0.577s] INFO:colcon.colcon_core.shell:Creating environment hook '/home/mausumi/robot_ws/install/robot_model_pkg/share/robot_model_pkg/hook/cmake_prefix_path.ps1'
[0.578s] INFO:colcon.colcon_core.shell:Creating environment descriptor '/home/mausumi/robot_ws/install/robot_model_pkg/share/robot_model_pkg/hook/cmake_prefix_path.dsv'
[0.579s] INFO:colcon.colcon_core.shell:Creating environment hook '/home/mausumi/robot_ws/install/robot_model_pkg/share/robot_model_pkg/hook/cmake_prefix_path.sh'
[0.579s] Level 1:colcon.colcon_core.environment:checking '/home/mausumi/robot_ws/install/robot_model_pkg/bin'
[0.579s] Level 1:colcon.colcon_core.environment:checking '/home/mausumi/robot_ws/install/robot_model_pkg/lib/pkgconfig/robot_model_pkg.pc'
[0.580s] Level 1:colcon.colcon_core.environment:checking '/home/mausumi/robot_ws/install/robot_model_pkg/lib/python3.10/site-packages'
[0.580s] Level 1:colcon.colcon_core.environment:checking '/home/mausumi/robot_ws/install/robot_model_pkg/bin'
[0.580s] INFO:colcon.colcon_core.shell:Creating package script '/home/mausumi/robot_ws/install/robot_model_pkg/share/robot_model_pkg/package.ps1'
[0.581s] INFO:colcon.colcon_core.shell:Creating package descriptor '/home/mausumi/robot_ws/install/robot_model_pkg/share/robot_model_pkg/package.dsv'
[0.582s] INFO:colcon.colcon_core.shell:Creating package script '/home/mausumi/robot_ws/install/robot_model_pkg/share/robot_model_pkg/package.sh'
[0.583s] INFO:colcon.colcon_core.shell:Creating package script '/home/mausumi/robot_ws/install/robot_model_pkg/share/robot_model_pkg/package.bash'
[0.584s] INFO:colcon.colcon_core.shell:Creating package script '/home/mausumi/robot_ws/install/robot_model_pkg/share/robot_model_pkg/package.zsh'
[0.585s] Level 1:colcon.colcon_core.environment:create_file_with_runtime_dependencies(/home/mausumi/robot_ws/install/robot_model_pkg/share/colcon-core/packages/robot_model_pkg)
[0.585s] Level 1:colcon.colcon_core.environment:create_environment_scripts_only(robot_model_pkg)
[0.586s] Level 1:colcon.colcon_core.environment:checking '/home/mausumi/robot_ws/install/robot_model_pkg' for CMake module files
[0.586s] Level 1:colcon.colcon_core.environment:checking '/home/mausumi/robot_ws/install/robot_model_pkg' for CMake config files
[0.586s] Level 1:colcon.colcon_core.shell:create_environment_hook('robot_model_pkg', 'cmake_prefix_path')
[0.587s] INFO:colcon.colcon_core.shell:Creating environment hook '/home/mausumi/robot_ws/install/robot_model_pkg/share/robot_model_pkg/hook/cmake_prefix_path.ps1'
[0.587s] INFO:colcon.colcon_core.shell:Creating environment descriptor '/home/mausumi/robot_ws/install/robot_model_pkg/share/robot_model_pkg/hook/cmake_prefix_path.dsv'
[0.587s] INFO:colcon.colcon_core.shell:Creating environment hook '/home/mausumi/robot_ws/install/robot_model_pkg/share/robot_model_pkg/hook/cmake_prefix_path.sh'
[0.588s] Level 1:colcon.colcon_core.environment:checking '/home/mausumi/robot_ws/install/robot_model_pkg/bin'
[0.588s] Level 1:colcon.colcon_core.environment:checking '/home/mausumi/robot_ws/install/robot_model_pkg/lib/pkgconfig/robot_model_pkg.pc'
[0.588s] Level 1:colcon.colcon_core.environment:checking '/home/mausumi/robot_ws/install/robot_model_pkg/lib/python3.10/site-packages'
[0.589s] Level 1:colcon.colcon_core.environment:checking '/home/mausumi/robot_ws/install/robot_model_pkg/bin'
[0.589s] INFO:colcon.colcon_core.shell:Creating package script '/home/mausumi/robot_ws/install/robot_model_pkg/share/robot_model_pkg/package.ps1'
[0.589s] INFO:colcon.colcon_core.shell:Creating package descriptor '/home/mausumi/robot_ws/install/robot_model_pkg/share/robot_model_pkg/package.dsv'
[0.590s] INFO:colcon.colcon_core.shell:Creating package script '/home/mausumi/robot_ws/install/robot_model_pkg/share/robot_model_pkg/package.sh'
[0.590s] INFO:colcon.colcon_core.shell:Creating package script '/home/mausumi/robot_ws/install/robot_model_pkg/share/robot_model_pkg/package.bash'
[0.591s] INFO:colcon.colcon_core.shell:Creating package script '/home/mausumi/robot_ws/install/robot_model_pkg/share/robot_model_pkg/package.zsh'
[0.591s] Level 1:colcon.colcon_core.environment:create_file_with_runtime_dependencies(/home/mausumi/robot_ws/install/robot_model_pkg/share/colcon-core/packages/robot_model_pkg)
[0.787s] DEBUG:colcon.colcon_core.event_handler.log_command:Invoking command in '/home/mausumi/robot_ws/build/random_motion': PYTHONPATH=/home/mausumi/robot_ws/build/random_motion/prefix_override:/usr/lib/python3/dist-packages/colcon_core/task/python/colcon_distutils_commands:/home/mausumi/robot_ws/install/random_motion/lib/python3.10/site-packages:${PYTHONPATH} /usr/bin/python3 -W ignore:setup.py install is deprecated -W ignore:easy_install command is deprecated setup.py develop --editable --build-directory /home/mausumi/robot_ws/build/random_motion/build --no-deps symlink_data
[1.110s] Level 1:colcon.colcon_core.shell:create_environment_hook('random_motion', 'pythonpath_develop')
[1.110s] INFO:colcon.colcon_core.shell:Creating environment hook '/home/mausumi/robot_ws/build/random_motion/share/random_motion/hook/pythonpath_develop.ps1'
[1.110s] DEBUG:colcon.colcon_core.event_handler.log_command:Invoked command in '/home/mausumi/robot_ws/build/random_motion' returned '0': PYTHONPATH=/home/mausumi/robot_ws/build/random_motion/prefix_override:/usr/lib/python3/dist-packages/colcon_core/task/python/colcon_distutils_commands:/home/mausumi/robot_ws/install/random_motion/lib/python3.10/site-packages:${PYTHONPATH} /usr/bin/python3 -W ignore:setup.py install is deprecated -W ignore:easy_install command is deprecated setup.py develop --editable --build-directory /home/mausumi/robot_ws/build/random_motion/build --no-deps symlink_data
[1.111s] INFO:colcon.colcon_core.shell:Creating environment descriptor '/home/mausumi/robot_ws/build/random_motion/share/random_motion/hook/pythonpath_develop.dsv'
[1.111s] INFO:colcon.colcon_core.shell:Creating environment hook '/home/mausumi/robot_ws/build/random_motion/share/random_motion/hook/pythonpath_develop.sh'
[1.111s] Level 1:colcon.colcon_core.environment:checking '/home/mausumi/robot_ws/install/random_motion' for CMake module files
[1.112s] Level 1:colcon.colcon_core.environment:checking '/home/mausumi/robot_ws/install/random_motion' for CMake config files
[1.112s] Level 1:colcon.colcon_core.environment:checking '/home/mausumi/robot_ws/install/random_motion/lib'
[1.112s] Level 1:colcon.colcon_core.environment:checking '/home/mausumi/robot_ws/install/random_motion/bin'
[1.112s] Level 1:colcon.colcon_core.environment:checking '/home/mausumi/robot_ws/install/random_motion/lib/pkgconfig/random_motion.pc'
[1.112s] Level 1:colcon.colcon_core.environment:checking '/home/mausumi/robot_ws/install/random_motion/lib/python3.10/site-packages'
[1.112s] Level 1:colcon.colcon_core.shell:create_environment_hook('random_motion', 'pythonpath')
[1.112s] INFO:colcon.colcon_core.shell:Creating environment hook '/home/mausumi/robot_ws/install/random_motion/share/random_motion/hook/pythonpath.ps1'
[1.113s] INFO:colcon.colcon_core.shell:Creating environment descriptor '/home/mausumi/robot_ws/install/random_motion/share/random_motion/hook/pythonpath.dsv'
[1.113s] INFO:colcon.colcon_core.shell:Creating environment hook '/home/mausumi/robot_ws/install/random_motion/share/random_motion/hook/pythonpath.sh'
[1.113s] Level 1:colcon.colcon_core.environment:checking '/home/mausumi/robot_ws/install/random_motion/bin'
[1.113s] Level 1:colcon.colcon_core.environment:create_environment_scripts_only(random_motion)
[1.114s] INFO:colcon.colcon_core.shell:Creating package script '/home/mausumi/robot_ws/install/random_motion/share/random_motion/package.ps1'
[1.114s] INFO:colcon.colcon_core.shell:Creating package descriptor '/home/mausumi/robot_ws/install/random_motion/share/random_motion/package.dsv'
[1.115s] INFO:colcon.colcon_core.shell:Creating package script '/home/mausumi/robot_ws/install/random_motion/share/random_motion/package.sh'
[1.115s] INFO:colcon.colcon_core.shell:Creating package script '/home/mausumi/robot_ws/install/random_motion/share/random_motion/package.bash'
[1.115s] INFO:colcon.colcon_core.shell:Creating package script '/home/mausumi/robot_ws/install/random_motion/share/random_motion/package.zsh'
[1.116s] Level 1:colcon.colcon_core.environment:create_file_with_runtime_dependencies(/home/mausumi/robot_ws/install/random_motion/share/colcon-core/packages/random_motion)
[1.116s] DEBUG:colcon.colcon_parallel_executor.executor.parallel:closing loop
[1.116s] DEBUG:colcon.colcon_parallel_executor.executor.parallel:loop closed
[1.116s] DEBUG:colcon.colcon_parallel_executor.executor.parallel:run_until_complete finished with '0'
[1.116s] DEBUG:colcon.colcon_core.event_reactor:joining thread
[1.122s] INFO:colcon.colcon_core.plugin_system:Skipping extension 'colcon_notification.desktop_notification.terminal_notifier': Not used on non-Darwin systems
[1.122s] INFO:colcon.colcon_core.plugin_system:Skipping extension 'colcon_notification.desktop_notification.win32': Not used on non-Windows systems
[1.122s] INFO:colcon.colcon_notification.desktop_notification:Sending desktop notification using 'notify2'
[1.133s] DEBUG:colcon.colcon_core.event_reactor:joined thread
[1.133s] INFO:colcon.colcon_core.shell:Creating prefix script '/home/mausumi/robot_ws/install/local_setup.ps1'
[1.134s] INFO:colcon.colcon_core.shell:Creating prefix util module '/home/mausumi/robot_ws/install/_local_setup_util_ps1.py'
[1.136s] INFO:colcon.colcon_core.shell:Creating prefix chain script '/home/mausumi/robot_ws/install/setup.ps1'
[1.137s] INFO:colcon.colcon_core.shell:Creating prefix script '/home/mausumi/robot_ws/install/local_setup.sh'
[1.138s] INFO:colcon.colcon_core.shell:Creating prefix util module '/home/mausumi/robot_ws/install/_local_setup_util_sh.py'
[1.139s] INFO:colcon.colcon_core.shell:Creating prefix chain script '/home/mausumi/robot_ws/install/setup.sh'
[1.140s] INFO:colcon.colcon_core.shell:Creating prefix script '/home/mausumi/robot_ws/install/local_setup.bash'
[1.140s] INFO:colcon.colcon_core.shell:Creating prefix chain script '/home/mausumi/robot_ws/install/setup.bash'
[1.141s] INFO:colcon.colcon_core.shell:Creating prefix script '/home/mausumi/robot_ws/install/local_setup.zsh'
[1.142s] INFO:colcon.colcon_core.shell:Creating prefix chain script '/home/mausumi/robot_ws/install/setup.zsh'
