[0.008s] Invoking command in '/home/mausumi/robot_ws/build/robot_model_pkg': CMAKE_PREFIX_PATH=${CMAKE_PREFIX_PATH}:/opt/ros/humble /usr/bin/cmake /home/mausumi/robot_ws/src/robot_model_pkg -DAMENT_CMAKE_SYMLINK_INSTALL=1 -DCMAKE_INSTALL_PREFIX=/home/mausumi/robot_ws/install/robot_model_pkg
[0.117s] -- The C compiler identification is GNU 11.4.0
[0.230s] -- The CXX compiler identification is GNU 11.4.0
[0.239s] -- Detecting C compiler ABI info
[0.292s] -- Detecting C compiler ABI info - done
[0.297s] -- Check for working C compiler: /usr/bin/cc - skipped
[0.298s] -- Detecting C compile features
[0.298s] -- Detecting C compile features - done
[0.301s] -- Detecting CXX compiler ABI info
[0.358s] -- Detecting CXX compiler ABI info - done
[0.363s] -- Check for working CXX compiler: /usr/bin/c++ - skipped
[0.364s] -- Detecting CXX compile features
[0.364s] -- Detecting CXX compile features - done
[0.367s] -- Found ament_cmake: 1.3.12 (/opt/ros/humble/share/ament_cmake/cmake)
[0.472s] -- Found Python3: /usr/bin/python3 (found version "3.10.12") found components: Interpreter 
[0.521s] -- Override CMake install command with custom implementation using symlinks instead of copying resources
[0.547s] -- Found gazebo_ros: 3.9.0 (/opt/ros/humble/share/gazebo_ros/cmake)
[0.586s] -- Found rosidl_generator_c: 3.1.7 (/opt/ros/humble/share/rosidl_generator_c/cmake)
[0.591s] -- Found rosidl_adapter: 3.1.7 (/opt/ros/humble/share/rosidl_adapter/cmake)
[0.599s] -- Found rosidl_generator_cpp: 3.1.7 (/opt/ros/humble/share/rosidl_generator_cpp/cmake)
[0.609s] -- Using all available rosidl_typesupport_c: rosidl_typesupport_fastrtps_c;rosidl_typesupport_introspection_c
[0.625s] -- Using all available rosidl_typesupport_cpp: rosidl_typesupport_fastrtps_cpp;rosidl_typesupport_introspection_cpp
[0.662s] -- Found rmw_implementation_cmake: 6.1.2 (/opt/ros/humble/share/rmw_implementation_cmake/cmake)
[0.664s] -- Found rmw_fastrtps_cpp: 6.2.8 (/opt/ros/humble/share/rmw_fastrtps_cpp/cmake)
[0.730s] -- Found OpenSSL: /usr/lib/x86_64-linux-gnu/libcrypto.so (found version "3.0.2")  
[0.749s] -- Found FastRTPS: /opt/ros/humble/include  
[0.777s] -- Using RMW implementation 'rmw_fastrtps_cpp' as default
[0.785s] -- Looking for pthread.h
[0.837s] -- Looking for pthread.h - found
[0.837s] -- Performing Test CMAKE_HAVE_LIBC_PTHREAD
[0.892s] -- Performing Test CMAKE_HAVE_LIBC_PTHREAD - Success
[0.893s] -- Found Threads: TRUE  
[0.950s] -- Found PkgConfig: /usr/bin/pkg-config (found version "0.29.2") 
[0.952s] -- Checking for module 'bullet>=2.82'
[0.961s] --   Found bullet, version 3.05
[1.033s] -- Found fcl: /usr/include (found suitable version "0.7.0", minimum required is "0.5.0") 
[1.070s] -- Found assimp: /usr/include (found version "5.2.0") 
[1.087s] -- Found DART: /usr/include (Required is at least version "6.6") found components: dart 
[1.108s] -- Found Boost: /usr/lib/x86_64-linux-gnu/cmake/Boost-1.74.0/BoostConfig.cmake (found suitable version "1.74.0", minimum required is "1.40.0") found components: thread system filesystem program_options regex iostreams date_time 
[1.125s] -- Found Protobuf: /usr/lib/x86_64-linux-gnu/libprotobuf.so (found version "3.12.4") 
[1.129s] -- Looking for ignition-math6 -- found version 6.15.1
[1.135s] -- Searching for dependencies of ignition-math6
[1.137s] -- Looking for OGRE...
[1.138s] -- OGRE_PREFIX_WATCH changed.
[1.143s] -- Checking for module 'OGRE'
[1.151s] --   Found OGRE, version 1.9.0
[1.172s] -- Found Ogre Ghadamon (1.9.0)
[1.177s] -- Found OGRE: optimized;/usr/lib/x86_64-linux-gnu/libOgreMain.so;debug;/usr/lib/x86_64-linux-gnu/libOgreMain.so
[1.184s] -- Looking for OGRE_Paging...
[1.188s] -- Found OGRE_Paging: optimized;/usr/lib/x86_64-linux-gnu/libOgrePaging.so;debug;/usr/lib/x86_64-linux-gnu/libOgrePaging.so
[1.188s] -- Looking for OGRE_Terrain...
[1.191s] -- Found OGRE_Terrain: optimized;/usr/lib/x86_64-linux-gnu/libOgreTerrain.so;debug;/usr/lib/x86_64-linux-gnu/libOgreTerrain.so
[1.191s] -- Looking for OGRE_Property...
[1.194s] -- Found OGRE_Property: optimized;/usr/lib/x86_64-linux-gnu/libOgreProperty.so;debug;/usr/lib/x86_64-linux-gnu/libOgreProperty.so
[1.194s] -- Looking for OGRE_RTShaderSystem...
[1.197s] -- Found OGRE_RTShaderSystem: optimized;/usr/lib/x86_64-linux-gnu/libOgreRTShaderSystem.so;debug;/usr/lib/x86_64-linux-gnu/libOgreRTShaderSystem.so
[1.198s] -- Looking for OGRE_Volume...
[1.201s] -- Found OGRE_Volume: optimized;/usr/lib/x86_64-linux-gnu/libOgreVolume.so;debug;/usr/lib/x86_64-linux-gnu/libOgreVolume.so
[1.201s] -- Looking for OGRE_Overlay...
[1.205s] -- Found OGRE_Overlay: optimized;/usr/lib/x86_64-linux-gnu/libOgreOverlay.so;debug;/usr/lib/x86_64-linux-gnu/libOgreOverlay.so
[1.274s] -- Looking for ignition-math6 -- found version 6.15.1
[1.276s] -- Looking for ignition-transport8 -- found version 8.2.1
[1.277s] -- Searching for dependencies of ignition-transport8
[1.289s] -- Found Protobuf: /usr/lib/x86_64-linux-gnu/libprotobuf.so (found suitable version "3.12.4", minimum required is "3") 
[1.295s] -- Config-file not installed for ZeroMQ -- checking for pkg-config
[1.299s] -- Checking for module 'libzmq >= 4'
[1.311s] --   Found libzmq , version 4.3.4
[1.335s] -- Found ZeroMQ: TRUE (Required is at least version "4") 
[1.340s] -- Checking for module 'uuid'
[1.348s] --   Found uuid, version 2.37.2
[1.369s] -- Found UUID: TRUE  
[1.370s] -- Looking for ignition-msgs5 -- found version 5.8.1
[1.371s] -- Searching for dependencies of ignition-msgs5
[1.383s] -- Looking for ignition-math6 -- found version 6.15.1
[1.387s] -- Checking for module 'tinyxml2'
[1.396s] --   Found tinyxml2, version 9.0.0
[1.419s] -- Looking for ignition-msgs5 -- found version 5.8.1
[1.421s] -- Looking for ignition-common3 -- found version 3.14.0
[1.421s] -- Searching for dependencies of ignition-common3
[1.421s] -- Looking for dlfcn.h - found
[1.422s] -- Looking for libdl - found
[1.423s] -- Found DL: TRUE  
[1.432s] -- Found tinyobjloader: /usr/lib/x86_64-linux-gnu/cmake/tinyobjloader/tinyobjloader-config.cmake (found version "2.0.0") 
[1.433s] -- Searching for <ignition-common3> component [graphics]
[1.435s] -- Looking for ignition-common3-graphics -- found version 3.14.0
[1.435s] -- Searching for dependencies of ignition-common3-graphics
[1.435s] -- Looking for ignition-math6 -- found version 6.15.1
[1.438s] -- Looking for ignition-fuel_tools4 -- found version 4.4.0
[1.438s] -- Searching for dependencies of ignition-fuel_tools4
[1.489s] -- Found CURL: /usr/lib/x86_64-linux-gnu/libcurl.so (found version "7.81.0")  
[1.497s] -- Checking for module 'jsoncpp'
[1.508s] --   Found jsoncpp, version 1.9.5
[1.529s] -- Found JSONCPP: TRUE  
[1.536s] -- Checking for module 'libzip'
[1.545s] --   Found libzip, version 1.7.3
[1.566s] -- Found ZIP: TRUE  
[1.567s] -- Looking for ignition-common3 -- found version 3.14.0
[1.567s] -- Looking for ignition-math6 -- found version 6.15.1
[1.567s] -- Looking for ignition-msgs5 -- found version 5.8.1
[1.570s] -- Gazebo version: 11.10
[1.570s] -- Checking for module 'tbb'
[1.579s] --   Found tbb, version 2021.5.0
[1.601s] -- Found gazebo_msgs: 3.9.0 (/opt/ros/humble/share/gazebo_msgs/cmake)
[1.649s] -- Found gazebo_ros2_control: 0.4.10 (/opt/ros/humble/share/gazebo_ros2_control/cmake)
[1.805s] -- Found ament_lint_auto: 0.12.14 (/opt/ros/humble/share/ament_lint_auto/cmake)
[1.866s] -- Added test 'flake8' to check Python code syntax and style conventions
[1.866s] -- Added test 'lint_cmake' to check CMake code style
[1.867s] -- Added test 'pep257' to check Python code against some of the docstring style conventions in PEP 257
[1.868s] -- Added test 'xmllint' to check XML markup files
[1.870s] -- Configuring done
[1.873s] -- Generating done
[1.875s] -- Build files have been written to: /home/mausumi/robot_ws/build/robot_model_pkg
[1.886s] Invoked command in '/home/mausumi/robot_ws/build/robot_model_pkg' returned '0': CMAKE_PREFIX_PATH=${CMAKE_PREFIX_PATH}:/opt/ros/humble /usr/bin/cmake /home/mausumi/robot_ws/src/robot_model_pkg -DAMENT_CMAKE_SYMLINK_INSTALL=1 -DCMAKE_INSTALL_PREFIX=/home/mausumi/robot_ws/install/robot_model_pkg
[1.887s] Invoking command in '/home/mausumi/robot_ws/build/robot_model_pkg': CMAKE_PREFIX_PATH=${CMAKE_PREFIX_PATH}:/opt/ros/humble /usr/bin/cmake --build /home/mausumi/robot_ws/build/robot_model_pkg -- -j4 -l4
[1.918s] Invoked command in '/home/mausumi/robot_ws/build/robot_model_pkg' returned '0': CMAKE_PREFIX_PATH=${CMAKE_PREFIX_PATH}:/opt/ros/humble /usr/bin/cmake --build /home/mausumi/robot_ws/build/robot_model_pkg -- -j4 -l4
[1.925s] Invoking command in '/home/mausumi/robot_ws/build/robot_model_pkg': CMAKE_PREFIX_PATH=${CMAKE_PREFIX_PATH}:/opt/ros/humble /usr/bin/cmake --install /home/mausumi/robot_ws/build/robot_model_pkg
[1.931s] -- Install configuration: ""
[1.932s] -- Execute custom install script
[1.932s] -- Symlinking: /home/mausumi/robot_ws/install/robot_model_pkg/share/robot_model_pkg/launch/.vscode/c_cpp_properties.json
[1.940s] -- Symlinking: /home/mausumi/robot_ws/install/robot_model_pkg/share/robot_model_pkg/launch/.vscode/settings.json
[1.946s] -- Symlinking: /home/mausumi/robot_ws/install/robot_model_pkg/share/robot_model_pkg/launch/robot_xacro.launch
[1.952s] -- Symlinking: /home/mausumi/robot_ws/install/robot_model_pkg/share/robot_model_pkg/launch/robot_xacro.launch.py
[1.958s] -- Symlinking: /home/mausumi/robot_ws/install/robot_model_pkg/share/robot_model_pkg/urdf/robot.gazebo
[1.965s] -- Symlinking: /home/mausumi/robot_ws/install/robot_model_pkg/share/robot_model_pkg/urdf/robot.xacro
[1.971s] -- Symlinking: /home/mausumi/robot_ws/install/robot_model_pkg/share/ament_index/resource_index/package_run_dependencies/robot_model_pkg
[1.977s] -- Symlinking: /home/mausumi/robot_ws/install/robot_model_pkg/share/ament_index/resource_index/parent_prefix_path/robot_model_pkg
[1.984s] -- Symlinking: /home/mausumi/robot_ws/install/robot_model_pkg/share/robot_model_pkg/environment/ament_prefix_path.sh
[1.990s] -- Symlinking: /home/mausumi/robot_ws/install/robot_model_pkg/share/robot_model_pkg/environment/ament_prefix_path.dsv
[1.997s] -- Symlinking: /home/mausumi/robot_ws/install/robot_model_pkg/share/robot_model_pkg/environment/path.sh
[2.003s] -- Symlinking: /home/mausumi/robot_ws/install/robot_model_pkg/share/robot_model_pkg/environment/path.dsv
[2.009s] -- Symlinking: /home/mausumi/robot_ws/install/robot_model_pkg/share/robot_model_pkg/local_setup.bash
[2.016s] -- Symlinking: /home/mausumi/robot_ws/install/robot_model_pkg/share/robot_model_pkg/local_setup.sh
[2.022s] -- Symlinking: /home/mausumi/robot_ws/install/robot_model_pkg/share/robot_model_pkg/local_setup.zsh
[2.029s] -- Symlinking: /home/mausumi/robot_ws/install/robot_model_pkg/share/robot_model_pkg/local_setup.dsv
[2.037s] -- Symlinking: /home/mausumi/robot_ws/install/robot_model_pkg/share/robot_model_pkg/package.dsv
[2.043s] -- Symlinking: /home/mausumi/robot_ws/install/robot_model_pkg/share/ament_index/resource_index/packages/robot_model_pkg
[2.050s] -- Symlinking: /home/mausumi/robot_ws/install/robot_model_pkg/share/robot_model_pkg/cmake/robot_model_pkgConfig.cmake
[2.056s] -- Symlinking: /home/mausumi/robot_ws/install/robot_model_pkg/share/robot_model_pkg/cmake/robot_model_pkgConfig-version.cmake
[2.062s] -- Symlinking: /home/mausumi/robot_ws/install/robot_model_pkg/share/robot_model_pkg/package.xml
[2.070s] Invoked command in '/home/mausumi/robot_ws/build/robot_model_pkg' returned '0': CMAKE_PREFIX_PATH=${CMAKE_PREFIX_PATH}:/opt/ros/humble /usr/bin/cmake --install /home/mausumi/robot_ws/build/robot_model_pkg
