running egg_info
writing ../../build/random_motion/random_motion.egg-info/PKG-INFO
writing dependency_links to ../../build/random_motion/random_motion.egg-info/dependency_links.txt
writing entry points to ../../build/random_motion/random_motion.egg-info/entry_points.txt
writing requirements to ../../build/random_motion/random_motion.egg-info/requires.txt
writing top-level names to ../../build/random_motion/random_motion.egg-info/top_level.txt
reading manifest file '../../build/random_motion/random_motion.egg-info/SOURCES.txt'
writing manifest file '../../build/random_motion/random_motion.egg-info/SOURCES.txt'
running build
running build_py
copying random_motion/random_move.py -> /home/mausumi/robot_ws/build/random_motion/build/lib/random_motion
running install
running install_lib
copying /home/mausumi/robot_ws/build/random_motion/build/lib/random_motion/random_move.py -> /home/mausumi/robot_ws/install/random_motion/lib/python3.10/site-packages/random_motion
byte-compiling /home/mausumi/robot_ws/install/random_motion/lib/python3.10/site-packages/random_motion/random_move.py to random_move.cpython-310.pyc
running install_data
running install_egg_info
removing '/home/mausumi/robot_ws/install/random_motion/lib/python3.10/site-packages/random_motion-0.0.0-py3.10.egg-info' (and everything under it)
Copying ../../build/random_motion/random_motion.egg-info to /home/mausumi/robot_ws/install/random_motion/lib/python3.10/site-packages/random_motion-0.0.0-py3.10.egg-info
running install_scripts
Installing random_move script to /home/mausumi/robot_ws/install/random_motion/lib/random_motion
writing list of installed files to '/home/mausumi/robot_ws/build/random_motion/install.log'
