[0.535s] Invoking command in '/home/mausumi/robot_ws/src/random_motion': PYTHONPATH=/home/mausumi/robot_ws/build/random_motion/prefix_override:/usr/lib/python3/dist-packages/colcon_core/task/python/colcon_distutils_commands:/home/mausumi/robot_ws/install/random_motion/lib/python3.10/site-packages:${PYTHONPATH} /usr/bin/python3 -W ignore:setup.py install is deprecated -W ignore:easy_install command is deprecated setup.py egg_info --egg-base ../../build/random_motion build --build-base /home/mausumi/robot_ws/build/random_motion/build install --record /home/mausumi/robot_ws/build/random_motion/install.log --single-version-externally-managed install_data
[0.700s] running egg_info
[0.700s] writing ../../build/random_motion/random_motion.egg-info/PKG-INFO
[0.702s] writing dependency_links to ../../build/random_motion/random_motion.egg-info/dependency_links.txt
[0.703s] writing entry points to ../../build/random_motion/random_motion.egg-info/entry_points.txt
[0.703s] writing requirements to ../../build/random_motion/random_motion.egg-info/requires.txt
[0.703s] writing top-level names to ../../build/random_motion/random_motion.egg-info/top_level.txt
[0.704s] reading manifest file '../../build/random_motion/random_motion.egg-info/SOURCES.txt'
[0.705s] writing manifest file '../../build/random_motion/random_motion.egg-info/SOURCES.txt'
[0.705s] running build
[0.705s] running build_py
[0.705s] copying random_motion/random_move.py -> /home/mausumi/robot_ws/build/random_motion/build/lib/random_motion
[0.705s] running install
[0.706s] running install_lib
[0.707s] copying /home/mausumi/robot_ws/build/random_motion/build/lib/random_motion/random_move.py -> /home/mausumi/robot_ws/install/random_motion/lib/python3.10/site-packages/random_motion
[0.708s] byte-compiling /home/mausumi/robot_ws/install/random_motion/lib/python3.10/site-packages/random_motion/random_move.py to random_move.cpython-310.pyc
[0.708s] running install_data
[0.709s] running install_egg_info
[0.710s] removing '/home/mausumi/robot_ws/install/random_motion/lib/python3.10/site-packages/random_motion-0.0.0-py3.10.egg-info' (and everything under it)
[0.711s] Copying ../../build/random_motion/random_motion.egg-info to /home/mausumi/robot_ws/install/random_motion/lib/python3.10/site-packages/random_motion-0.0.0-py3.10.egg-info
[0.711s] running install_scripts
[0.725s] Installing random_move script to /home/mausumi/robot_ws/install/random_motion/lib/random_motion
[0.726s] writing list of installed files to '/home/mausumi/robot_ws/build/random_motion/install.log'
[0.746s] Invoked command in '/home/mausumi/robot_ws/src/random_motion' returned '0': PYTHONPATH=/home/mausumi/robot_ws/build/random_motion/prefix_override:/usr/lib/python3/dist-packages/colcon_core/task/python/colcon_distutils_commands:/home/mausumi/robot_ws/install/random_motion/lib/python3.10/site-packages:${PYTHONPATH} /usr/bin/python3 -W ignore:setup.py install is deprecated -W ignore:easy_install command is deprecated setup.py egg_info --egg-base ../../build/random_motion build --build-base /home/mausumi/robot_ws/build/random_motion/build install --record /home/mausumi/robot_ws/build/random_motion/install.log --single-version-externally-managed install_data
