[0.511s] Invoking command in '/home/mausumi/robot_ws/build/random_motion': PYTHONPATH=/home/mausumi/robot_ws/build/random_motion/prefix_override:/usr/lib/python3/dist-packages/colcon_core/task/python/colcon_distutils_commands:/home/mausumi/robot_ws/install/random_motion/lib/python3.10/site-packages:${PYTHONPATH} /usr/bin/python3 -W ignore:setup.py install is deprecated -W ignore:easy_install command is deprecated setup.py develop --editable --build-directory /home/mausumi/robot_ws/build/random_motion/build --no-deps symlink_data
[0.692s] running develop
[0.804s] running egg_info
[0.804s] creating random_motion.egg-info
[0.804s] writing random_motion.egg-info/PKG-INFO
[0.804s] writing dependency_links to random_motion.egg-info/dependency_links.txt
[0.804s] writing entry points to random_motion.egg-info/entry_points.txt
[0.804s] writing requirements to random_motion.egg-info/requires.txt
[0.804s] writing top-level names to random_motion.egg-info/top_level.txt
[0.805s] writing manifest file 'random_motion.egg-info/SOURCES.txt'
[0.806s] reading manifest file 'random_motion.egg-info/SOURCES.txt'
[0.806s] writing manifest file 'random_motion.egg-info/SOURCES.txt'
[0.807s] running build_ext
[0.807s] Creating /home/mausumi/robot_ws/install/random_motion/lib/python3.10/site-packages/random-motion.egg-link (link to .)
[0.808s] Installing random_move script to /home/mausumi/robot_ws/install/random_motion/lib/random_motion
[0.808s] 
[0.808s] Installed /home/mausumi/robot_ws/build/random_motion
[0.808s] running symlink_data
[0.808s] creating /home/mausumi/robot_ws/install/random_motion/share/ament_index
[0.808s] creating /home/mausumi/robot_ws/install/random_motion/share/ament_index/resource_index
[0.808s] creating /home/mausumi/robot_ws/install/random_motion/share/ament_index/resource_index/packages
[0.809s] symbolically linking /home/mausumi/robot_ws/build/random_motion/resource/random_motion -> /home/mausumi/robot_ws/install/random_motion/share/ament_index/resource_index/packages
[0.809s] symbolically linking /home/mausumi/robot_ws/build/random_motion/package.xml -> /home/mausumi/robot_ws/install/random_motion/share/random_motion
[0.834s] Invoked command in '/home/mausumi/robot_ws/build/random_motion' returned '0': PYTHONPATH=/home/mausumi/robot_ws/build/random_motion/prefix_override:/usr/lib/python3/dist-packages/colcon_core/task/python/colcon_distutils_commands:/home/mausumi/robot_ws/install/random_motion/lib/python3.10/site-packages:${PYTHONPATH} /usr/bin/python3 -W ignore:setup.py install is deprecated -W ignore:easy_install command is deprecated setup.py develop --editable --build-directory /home/mausumi/robot_ws/build/random_motion/build --no-deps symlink_data
